<?xml version="1.0" encoding="UTF-8"?>
<!-- Generated by org.testng.reporters.JUnitXMLReporter -->
<testsuite hostname="DESKTOP-P8L6JL1" ignored="0" name="Test" tests="10" failures="0" timestamp="23 Jun 2021 09:54:26 GMT" time="35.509" errors="0">
  <testcase name="openBrowser" time="7.934" classname="bms.selenium.Test_Execution"/>
  <testcase name="signUpNCR" time="2.179" classname="bms.selenium.Test_Execution"/>
  <testcase name="signUp" time="1.085" classname="bms.selenium.Test_Execution"/>
  <testcase name="signUpUsingGoogle" time="0.673" classname="bms.selenium.Test_Execution"/>
  <testcase name="switchWindow" time="4.902" classname="bms.selenium.Test_Execution"/>
  <testcase name="moviesData" time="2.814" classname="bms.selenium.Test_Execution"/>
  <testcase name="sports" time="6.026" classname="bms.selenium.Test_Execution"/>
  <testcase name="weekendSelector" time="4.692" classname="bms.selenium.Test_Execution"/>
  <testcase name="priceSelector" time="0.7" classname="bms.selenium.Test_Execution"/>
  <testcase name="rangeSelector" time="0.85" classname="bms.selenium.Test_Execution"/>
</testsuite> <!-- Test -->
