<?xml version="1.0" encoding="UTF-8"?>
<testsuite xmlns:xsi="http://www.w3.org/2001/XMLSchema-instance" xsi:noNamespaceSchemaLocation="https://maven.apache.org/surefire/maven-surefire-plugin/xsd/surefire-test-report-3.0.xsd" version="3.0" name="TestSuite" time="394.764" tests="11" errors="0" skipped="0" failures="1">
  <properties>
[...]
</properties>
  <testcase name="openBrowser[https://in.bookmyshow.com/, \\Screenshots\\test_1.png](1)" classname="bms.selenium.Test_Execution" time="11.256">
    <system-out><![CDATA[[TestNGContentHandler] [WARN] It is strongly recommended to add "<!DOCTYPE suite SYSTEM "http://testng.org/testng-1.0.dtd" >" at the top of your file, otherwise TestNG may fail or not work as expected.
]]></system-out>
    <system-err><![CDATA[Starting ChromeDriver 91.0.4472.19 (1bf021f248676a0b2ab3ee0561d83a59e424c23e-refs/branch-heads/4472@{#288}) on port 28220
Only local connections are allowed.
Please see https://chromedriver.chromium.org/security-considerations for suggestions on keeping ChromeDriver safe.
ChromeDriver was started successfully.
Jun 24, 2021 1:15:35 PM org.openqa.selenium.remote.ProtocolHandshake createSession
INFO: Detected dialect: W3C
]]></system-err>
  </testcase>
  <testcase name="signUpNCR[\\Screenshots\\test_2.png, \\Screenshots\\test_3.png](1)" classname="bms.selenium.Test_Execution" time="1.146"/>
  <testcase name="signUp[\\Screenshots\\test_4.png](1)" classname="bms.selenium.Test_Execution" time="1.696"/>
  <testcase name="signUpUsingGoogle[\\Screenshots\\test_5.png](1)" classname="bms.selenium.Test_Execution" time="0.898"/>
  <testcase name="switchWindow[\\Screenshots\\test_6.png](1)" classname="bms.selenium.Test_Execution" time="12.176">
    <system-out><![CDATA[Couldn't find your Google Account
]]></system-out>
  </testcase>
  <testcase name="moviesData" classname="bms.selenium.Test_Execution" time="3.535">
    <system-out><![CDATA[[Hindi, English, Telugu, Tamil, Malayalam, Marathi, Bengali, Punjabi, Bhojpuri, Gujarati, Assamese, Rajasthani, Sanskrit]
]]></system-out>
  </testcase>
  <testcase name="sports[\\Screenshots\\test_7.png](1)" classname="bms.selenium.Test_Execution" time="5.954"/>
  <testcase name="weekendSelector[\\Screenshots\\test_8.png](1)" classname="bms.selenium.Test_Execution" time="4.654"/>
  <testcase name="priceSelector[\\Screenshots\\test_9.png](1)" classname="bms.selenium.Test_Execution" time="0.634"/>
  <testcase name="rangeSelector[\\Screenshots\\test_10.png](1)" classname="bms.selenium.Test_Execution" time="0.917"/>
  <testcase name="clickAllLinks" classname="bms.selenium.sportsNameCollectionTest" time="336.547">
    <failure message="timeout: Timed out receiving message from renderer: 300.000&#10;  (Session info: chrome=91.0.4472.114)&#10;Build info: version: &apos;3.141.59&apos;, revision: &apos;e82be7d358&apos;, time: &apos;2018-11-14T08:17:03&apos;&#10;System info: host: &apos;DESKTOP-P8L6JL1&apos;, ip: &apos;192.168.231.1&apos;, os.name: &apos;Windows 10&apos;, os.arch: &apos;amd64&apos;, os.version: &apos;10.0&apos;, java.version: &apos;1.8.0_291&apos;&#10;Driver info: org.openqa.selenium.chrome.ChromeDriver&#10;Capabilities {acceptInsecureCerts: false, browserName: chrome, browserVersion: 91.0.4472.114, chrome: {chromedriverVersion: 91.0.4472.19 (1bf021f248676..., userDataDir: C:\Users\srao9\AppData\Loca...}, goog:chromeOptions: {debuggerAddress: localhost:60683}, javascriptEnabled: true, networkConnectionEnabled: false, pageLoadStrategy: normal, platform: WINDOWS, platformName: WINDOWS, proxy: Proxy(), setWindowRect: true, strictFileInteractability: false, timeouts: {implicit: 0, pageLoad: 300000, script: 30000}, unhandledPromptBehavior: dismiss and notify, webauthn:extension:largeBlob: true, webauthn:virtualAuthenticators: true}&#10;Session ID: 33e11ce30144835d86ae132acf1fd24c" type="org.openqa.selenium.TimeoutException"><![CDATA[org.openqa.selenium.TimeoutException: 
timeout: Timed out receiving message from renderer: 300.000
  (Session info: chrome=91.0.4472.114)
Build info: version: '3.141.59', revision: 'e82be7d358', time: '2018-11-14T08:17:03'
System info: host: 'DESKTOP-P8L6JL1', ip: '192.168.231.1', os.name: 'Windows 10', os.arch: 'amd64', os.version: '10.0', java.version: '1.8.0_291'
Driver info: org.openqa.selenium.chrome.ChromeDriver
Capabilities {acceptInsecureCerts: false, browserName: chrome, browserVersion: 91.0.4472.114, chrome: {chromedriverVersion: 91.0.4472.19 (1bf021f248676..., userDataDir: C:\Users\srao9\AppData\Loca...}, goog:chromeOptions: {debuggerAddress: localhost:60683}, javascriptEnabled: true, networkConnectionEnabled: false, pageLoadStrategy: normal, platform: WINDOWS, platformName: WINDOWS, proxy: Proxy(), setWindowRect: true, strictFileInteractability: false, timeouts: {implicit: 0, pageLoad: 300000, script: 30000}, unhandledPromptBehavior: dismiss and notify, webauthn:extension:largeBlob: true, webauthn:virtualAuthenticators: true}
Session ID: 33e11ce30144835d86ae132acf1fd24c
	at bms.selenium.sportsNameCollectionTest.clickAllLinks(sportsNameCollectionTest.java:128)
]]></failure>
    <system-out><![CDATA[Indian Chess League 2021
Thu 24 Jun 2021 - Wed 30 Jun 2021
₹ 99
]]></system-out>
    <system-err><![CDATA[Starting ChromeDriver 91.0.4472.19 (1bf021f248676a0b2ab3ee0561d83a59e424c23e-refs/branch-heads/4472@{#288}) on port 23741
Only local connections are allowed.
Please see https://chromedriver.chromium.org/security-considerations for suggestions on keeping ChromeDriver safe.
ChromeDriver was started successfully.
Jun 24, 2021 1:16:25 PM org.openqa.selenium.remote.ProtocolHandshake createSession
INFO: Detected dialect: W3C
[1624521122.626][SEVERE]: Timed out receiving message from renderer: 300.000
[1624521122.628][SEVERE]: Timed out receiving message from renderer: 300.000
]]></system-err>
  </testcase>
</testsuite>