<?xml version="1.0" encoding="UTF-8"?>
<testng-results skipped="0" failed="1" ignored="0" total="11" passed="10">
  <reporter-output>
  </reporter-output>
  <suite name="Suite" duration-ms="384379" started-at="2021-06-23T09:53:50Z" finished-at="2021-06-23T10:00:14Z">
    <groups>
    </groups>
    <test name="Test" duration-ms="35509" started-at="2021-06-23T09:53:50Z" finished-at="2021-06-23T09:54:26Z">
      <class name="bms.selenium.Test_Execution">
        <test-method status="PASS" signature="setup(java.lang.String, java.lang.String)[pri:0, instance:bms.selenium.Test_Execution@10e92f8f]" name="setup" is-config="true" duration-ms="2813" started-at="2021-06-23T09:53:50Z" finished-at="2021-06-23T09:53:53Z">
          <params>
            <param index="0">
              <value>
                <![CDATA[chrome]]>
              </value>
            </param>
            <param index="1">
              <value>
                <![CDATA[\\Screenshots\\test_0.png]]>
              </value>
            </param>
          </params>
          <reporter-output>
          </reporter-output>
        </test-method> <!-- setup -->
        <test-method status="PASS" signature="openBrowser(java.lang.String, java.lang.String)[pri:0, instance:bms.selenium.Test_Execution@10e92f8f]" name="openBrowser" duration-ms="7934" started-at="2021-06-23T09:53:53Z" finished-at="2021-06-23T09:54:01Z">
          <params>
            <param index="0">
              <value>
                <![CDATA[https://in.bookmyshow.com/]]>
              </value>
            </param>
            <param index="1">
              <value>
                <![CDATA[\\Screenshots\\test_1.png]]>
              </value>
            </param>
          </params>
          <reporter-output>
          </reporter-output>
        </test-method> <!-- openBrowser -->
        <test-method status="PASS" signature="signUpNCR(java.lang.String, java.lang.String)[pri:1, instance:bms.selenium.Test_Execution@10e92f8f]" name="signUpNCR" duration-ms="2179" started-at="2021-06-23T09:54:01Z" finished-at="2021-06-23T09:54:03Z">
          <params>
            <param index="0">
              <value>
                <![CDATA[\\Screenshots\\test_2.png]]>
              </value>
            </param>
            <param index="1">
              <value>
                <![CDATA[\\Screenshots\\test_3.png]]>
              </value>
            </param>
          </params>
          <reporter-output>
          </reporter-output>
        </test-method> <!-- signUpNCR -->
        <test-method status="PASS" signature="signUp(java.lang.String)[pri:2, instance:bms.selenium.Test_Execution@10e92f8f]" name="signUp" duration-ms="1085" started-at="2021-06-23T09:54:03Z" finished-at="2021-06-23T09:54:04Z">
          <params>
            <param index="0">
              <value>
                <![CDATA[\\Screenshots\\test_4.png]]>
              </value>
            </param>
          </params>
          <reporter-output>
          </reporter-output>
        </test-method> <!-- signUp -->
        <test-method status="PASS" signature="signUpUsingGoogle(java.lang.String)[pri:3, instance:bms.selenium.Test_Execution@10e92f8f]" name="signUpUsingGoogle" duration-ms="673" started-at="2021-06-23T09:54:04Z" finished-at="2021-06-23T09:54:05Z">
          <params>
            <param index="0">
              <value>
                <![CDATA[\\Screenshots\\test_5.png]]>
              </value>
            </param>
          </params>
          <reporter-output>
          </reporter-output>
        </test-method> <!-- signUpUsingGoogle -->
        <test-method status="PASS" signature="switchWindow(java.lang.String)[pri:4, instance:bms.selenium.Test_Execution@10e92f8f]" name="switchWindow" duration-ms="4902" started-at="2021-06-23T09:54:05Z" finished-at="2021-06-23T09:54:10Z">
          <params>
            <param index="0">
              <value>
                <![CDATA[\\Screenshots\\test_6.png]]>
              </value>
            </param>
          </params>
          <reporter-output>
          </reporter-output>
        </test-method> <!-- switchWindow -->
        <test-method status="PASS" signature="moviesData()[pri:5, instance:bms.selenium.Test_Execution@10e92f8f]" name="moviesData" duration-ms="2814" started-at="2021-06-23T09:54:10Z" finished-at="2021-06-23T09:54:12Z">
          <reporter-output>
          </reporter-output>
        </test-method> <!-- moviesData -->
        <test-method status="PASS" signature="sports(java.lang.String)[pri:6, instance:bms.selenium.Test_Execution@10e92f8f]" name="sports" duration-ms="6026" started-at="2021-06-23T09:54:12Z" finished-at="2021-06-23T09:54:18Z">
          <params>
            <param index="0">
              <value>
                <![CDATA[\\Screenshots\\test_7.png]]>
              </value>
            </param>
          </params>
          <reporter-output>
          </reporter-output>
        </test-method> <!-- sports -->
        <test-method status="PASS" signature="weekendSelector(java.lang.String)[pri:7, instance:bms.selenium.Test_Execution@10e92f8f]" name="weekendSelector" duration-ms="4692" started-at="2021-06-23T09:54:18Z" finished-at="2021-06-23T09:54:23Z">
          <params>
            <param index="0">
              <value>
                <![CDATA[\\Screenshots\\test_8.png]]>
              </value>
            </param>
          </params>
          <reporter-output>
          </reporter-output>
        </test-method> <!-- weekendSelector -->
        <test-method status="PASS" signature="priceSelector(java.lang.String)[pri:8, instance:bms.selenium.Test_Execution@10e92f8f]" name="priceSelector" duration-ms="700" started-at="2021-06-23T09:54:23Z" finished-at="2021-06-23T09:54:24Z">
          <params>
            <param index="0">
              <value>
                <![CDATA[\\Screenshots\\test_9.png]]>
              </value>
            </param>
          </params>
          <reporter-output>
          </reporter-output>
        </test-method> <!-- priceSelector -->
        <test-method status="PASS" signature="rangeSelector(java.lang.String)[pri:9, instance:bms.selenium.Test_Execution@10e92f8f]" name="rangeSelector" duration-ms="850" started-at="2021-06-23T09:54:24Z" finished-at="2021-06-23T09:54:25Z">
          <params>
            <param index="0">
              <value>
                <![CDATA[\\Screenshots\\test_10.png]]>
              </value>
            </param>
          </params>
          <reporter-output>
          </reporter-output>
        </test-method> <!-- rangeSelector -->
        <test-method status="PASS" signature="closeDriver()[pri:0, instance:bms.selenium.Test_Execution@10e92f8f]" name="closeDriver" is-config="true" duration-ms="805" started-at="2021-06-23T09:54:25Z" finished-at="2021-06-23T09:54:26Z">
          <reporter-output>
          </reporter-output>
        </test-method> <!-- closeDriver -->
      </class> <!-- bms.selenium.Test_Execution -->
    </test> <!-- Test -->
    <test name="SportsTest" duration-ms="348835" started-at="2021-06-23T09:54:26Z" finished-at="2021-06-23T10:00:14Z">
      <class name="bms.selenium.sportsNameCollectionTest">
        <test-method status="PASS" signature="setup()[pri:0, instance:bms.selenium.sportsNameCollectionTest@353d0772]" name="setup" is-config="true" duration-ms="3638" started-at="2021-06-23T09:54:26Z" finished-at="2021-06-23T09:54:29Z">
          <reporter-output>
          </reporter-output>
        </test-method> <!-- setup -->
        <test-method status="FAIL" signature="clickAllLinks()[pri:0, instance:bms.selenium.sportsNameCollectionTest@353d0772]" name="clickAllLinks" duration-ms="344270" started-at="2021-06-23T09:54:29Z" finished-at="2021-06-23T10:00:13Z">
          <exception class="org.openqa.selenium.TimeoutException">
            <message>
              <![CDATA[timeout: Timed out receiving message from renderer: 299.996
  (Session info: chrome=91.0.4472.114)
Build info: version: '3.141.59', revision: 'e82be7d358', time: '2018-11-14T08:17:03'
System info: host: 'DESKTOP-P8L6JL1', ip: '192.168.231.1', os.name: 'Windows 10', os.arch: 'amd64', os.version: '10.0', java.version: '1.8.0_291'
Driver info: org.openqa.selenium.chrome.ChromeDriver
Capabilities {acceptInsecureCerts: false, browserName: chrome, browserVersion: 91.0.4472.114, chrome: {chromedriverVersion: 91.0.4472.19 (1bf021f248676..., userDataDir: C:\Users\srao9\AppData\Loca...}, goog:chromeOptions: {debuggerAddress: localhost:57516}, javascriptEnabled: true, networkConnectionEnabled: false, pageLoadStrategy: normal, platform: WINDOWS, platformName: WINDOWS, proxy: Proxy(), setWindowRect: true, strictFileInteractability: false, timeouts: {implicit: 0, pageLoad: 300000, script: 30000}, unhandledPromptBehavior: dismiss and notify, webauthn:extension:largeBlob: true, webauthn:virtualAuthenticators: true}
Session ID: 48de2766d3275c255bbe763120ec0f63]]>
            </message>
            <full-stacktrace>
              <![CDATA[org.openqa.selenium.TimeoutException: timeout: Timed out receiving message from renderer: 299.996
  (Session info: chrome=91.0.4472.114)
Build info: version: '3.141.59', revision: 'e82be7d358', time: '2018-11-14T08:17:03'
System info: host: 'DESKTOP-P8L6JL1', ip: '192.168.231.1', os.name: 'Windows 10', os.arch: 'amd64', os.version: '10.0', java.version: '1.8.0_291'
Driver info: org.openqa.selenium.chrome.ChromeDriver
Capabilities {acceptInsecureCerts: false, browserName: chrome, browserVersion: 91.0.4472.114, chrome: {chromedriverVersion: 91.0.4472.19 (1bf021f248676..., userDataDir: C:\Users\srao9\AppData\Loca...}, goog:chromeOptions: {debuggerAddress: localhost:57516}, javascriptEnabled: true, networkConnectionEnabled: false, pageLoadStrategy: normal, platform: WINDOWS, platformName: WINDOWS, proxy: Proxy(), setWindowRect: true, strictFileInteractability: false, timeouts: {implicit: 0, pageLoad: 300000, script: 30000}, unhandledPromptBehavior: dismiss and notify, webauthn:extension:largeBlob: true, webauthn:virtualAuthenticators: true}
Session ID: 48de2766d3275c255bbe763120ec0f63
at sun.reflect.NativeConstructorAccessorImpl.newInstance0(Native Method)
at sun.reflect.NativeConstructorAccessorImpl.newInstance(Unknown Source)
at sun.reflect.DelegatingConstructorAccessorImpl.newInstance(Unknown Source)
at java.lang.reflect.Constructor.newInstance(Unknown Source)
at org.openqa.selenium.remote.http.W3CHttpResponseCodec.createException(W3CHttpResponseCodec.java:187)
at org.openqa.selenium.remote.http.W3CHttpResponseCodec.decode(W3CHttpResponseCodec.java:122)
at org.openqa.selenium.remote.http.W3CHttpResponseCodec.decode(W3CHttpResponseCodec.java:49)
at org.openqa.selenium.remote.HttpCommandExecutor.execute(HttpCommandExecutor.java:158)
at org.openqa.selenium.remote.service.DriverCommandExecutor.execute(DriverCommandExecutor.java:83)
at org.openqa.selenium.remote.RemoteWebDriver.execute(RemoteWebDriver.java:552)
at org.openqa.selenium.remote.RemoteWebDriver.execute(RemoteWebDriver.java:609)
at org.openqa.selenium.remote.RemoteWebDriver$RemoteNavigation.back(RemoteWebDriver.java:849)
at bms.selenium.sportsNameCollectionTest.clickAllLinks(sportsNameCollectionTest.java:143)
at sun.reflect.NativeMethodAccessorImpl.invoke0(Native Method)
at sun.reflect.NativeMethodAccessorImpl.invoke(Unknown Source)
at sun.reflect.DelegatingMethodAccessorImpl.invoke(Unknown Source)
at java.lang.reflect.Method.invoke(Unknown Source)
at org.testng.internal.MethodInvocationHelper.invokeMethod(MethodInvocationHelper.java:124)
at org.testng.internal.Invoker.invokeMethod(Invoker.java:583)
at org.testng.internal.Invoker.invokeTestMethod(Invoker.java:719)
at org.testng.internal.Invoker.invokeTestMethods(Invoker.java:989)
at org.testng.internal.TestMethodWorker.invokeTestMethods(TestMethodWorker.java:125)
at org.testng.internal.TestMethodWorker.run(TestMethodWorker.java:109)
at org.testng.TestRunner.privateRun(TestRunner.java:648)
at org.testng.TestRunner.run(TestRunner.java:505)
at org.testng.SuiteRunner.runTest(SuiteRunner.java:455)
at org.testng.SuiteRunner.runSequentially(SuiteRunner.java:450)
at org.testng.SuiteRunner.privateRun(SuiteRunner.java:415)
at org.testng.SuiteRunner.run(SuiteRunner.java:364)
at org.testng.SuiteRunnerWorker.runSuite(SuiteRunnerWorker.java:52)
at org.testng.SuiteRunnerWorker.run(SuiteRunnerWorker.java:84)
at org.testng.TestNG.runSuitesSequentially(TestNG.java:1208)
at org.testng.TestNG.runSuitesLocally(TestNG.java:1137)
at org.testng.TestNG.runSuites(TestNG.java:1049)
at org.testng.TestNG.run(TestNG.java:1017)
at org.testng.remote.AbstractRemoteTestNG.run(AbstractRemoteTestNG.java:115)
at org.testng.remote.RemoteTestNG.initAndRun(RemoteTestNG.java:251)
at org.testng.remote.RemoteTestNG.main(RemoteTestNG.java:77)
]]>
            </full-stacktrace>
          </exception> <!-- org.openqa.selenium.TimeoutException -->
          <reporter-output>
          </reporter-output>
        </test-method> <!-- clickAllLinks -->
        <test-method status="PASS" signature="closeDriver()[pri:0, instance:bms.selenium.sportsNameCollectionTest@353d0772]" name="closeDriver" is-config="true" duration-ms="921" started-at="2021-06-23T10:00:13Z" finished-at="2021-06-23T10:00:14Z">
          <reporter-output>
          </reporter-output>
        </test-method> <!-- closeDriver -->
      </class> <!-- bms.selenium.sportsNameCollectionTest -->
    </test> <!-- SportsTest -->
  </suite> <!-- Suite -->
</testng-results>
